Arguments: 
  C:\Program Files\nodejs\node.exe C:\Users\stanl\.node\corepack\yarn\1.22.19\bin\yarn.js add @babel/core @babel/preset-env autoprefixer browser-sync cssnano sass gulp gulp-based gulp-postcss gulp-sass gulp-terser

PATH: 
  C:\Users\stanl\bin;C:\Program Files\Git\mingw64\bin;C:\Program Files\Git\usr\local\bin;C:\Program Files\Git\usr\bin;C:\Program Files\Git\usr\bin;C:\Program Files\Git\mingw64\bin;C:\Program Files\Git\usr\bin;C:\Users\stanl\bin;C:\Python311\Scripts;C:\Python311;C:\Windows\system32;C:\Windows;C:\Windows\System32\Wbem;C:\Windows\System32\WindowsPowerShell\v1.0;C:\Windows\System32\OpenSSH;C:\Program Files\Git\cmd;C:\Program Files (x86)\NVIDIA Corporation\PhysX\Common;C:\Program Files\NVIDIA Corporation\NVIDIA NvDLISR;C:\WINDOWS\system32;C:\WINDOWS;C:\WINDOWS\System32\Wbem;C:\WINDOWS\System32\WindowsPowerShell\v1.0;C:\WINDOWS\System32\OpenSSH;C:\ProgramData\chocolatey\bin;C:\Program Files\nodejs;C:\Users\stanl\AppData\Local\Microsoft\WindowsApps;C:\Users\stanl\AppData\Local\Programs\Microsoft VS Code\bin;C:\Users\stanl\AppData\Local\GitHubDesktop\bin;C:\Users\stanl\AppData\Roaming\npm;C:\Program Files\Git\usr\bin\vendor_perl;C:\Program Files\Git\usr\bin\core_perl

Yarn version: 
  1.22.19

Node version: 
  20.2.0

Platform: 
  win32 x64

Trace: 
  Error: https://registry.yarnpkg.com/gulp-based: Not found
      at params.callback [as _callback] (C:\Users\stanl\.node\corepack\yarn\1.22.19\lib\cli.js:66145:18)
      at self.callback (C:\Users\stanl\.node\corepack\yarn\1.22.19\lib\cli.js:140890:22)
      at Request.emit (node:events:511:28)
      at Request.<anonymous> (C:\Users\stanl\.node\corepack\yarn\1.22.19\lib\cli.js:141862:10)
      at Request.emit (node:events:511:28)
      at IncomingMessage.<anonymous> (C:\Users\stanl\.node\corepack\yarn\1.22.19\lib\cli.js:141784:12)
      at Object.onceWrapper (node:events:625:28)
      at IncomingMessage.emit (node:events:523:35)
      at endReadableNT (node:internal/streams/readable:1367:12)
      at process.processTicksAndRejections (node:internal/process/task_queues:82:21)

npm manifest: 
  {
    "name": "manage-landing-page-master",
    "version": "0.0.1",
    "description": "Manage landing page from Frontendmentor.io",
    "main": "index.html",
    "repository": "https://github.com/istealersn-dev/manage-landing-page-master",
    "author": "istealersn-dev",
    "license": "MIT",
    "private": false
  }

yarn manifest: 
  No manifest

Lockfile: 
  # THIS IS AN AUTOGENERATED FILE. DO NOT EDIT THIS FILE DIRECTLY.
  # yarn lockfile v1
